[29-May-2025 18:46:25 Europe/Berlin] 21092
[29-May-2025 18:46:25 Europe/Berlin] SELECT
                MAX(os.id) AS id,
                CONCAT(comp.serie,'-',comp.numero) AS factura,
                pe.id_pedido_ejecutivo,
                CONCAT(c.nombre_cliente,' - Entrega: ',pe.direccion_entrega) AS nombre_cliente,
                c.encargado,
                e.id_ejecutivo,
                e.nombre_vendedor,
                pe.id_proforma,
                pe.tipo_venta,
                pe.fecha,
                est.nombre_estado,
                pe.fecha_entrega,
                pe.id_repartidor,
                IFNULL(pe.nombre_cliente,'--') AS nota,
                pe.id_estado ,
                os.comentario,
                pe.comentarios AS comentario_vendedor,
                os.fecha AS fecha_seguimiento,
                c.id_cliente,
                tp.nombre_tipo_pago
                FROM orden pe
                INNER JOIN clientes c ON pe.id_cliente = c.id_cliente
                INNER JOIN ejecutivos e ON pe.id_ejecutivo = e.id_ejecutivo
                INNER JOIN tipo_pago tp ON pe.id_tipo_pago = tp.id_tipo_pago
                INNER JOIN orden_seguimiento os ON os.id_pedido = pe.id_pedido_ejecutivo
                INNER JOIN estados est ON pe.id_estado = est.id_estado
                LEFT JOIN documentos_salida ds ON ds.id_pedido = pe.id_pedido_ejecutivo AND ds.estado = 1
                LEFT JOIN comprobantes  comp ON ds.id_comprobante = comp.id_comprobante WHERE  id_pedido_ejecutivo = :id GROUP BY pe.id_pedido_ejecutivo 
                    ORDER BY pe.fecha DESC LIMIT :offset, :porPagina
[29-May-2025 18:47:51 Europe/Berlin] 21092
[29-May-2025 18:47:51 Europe/Berlin] SELECT
                MAX(os.id) AS id,
                CONCAT(comp.serie,'-',comp.numero) AS factura,
                pe.id_pedido_ejecutivo,
                CONCAT(c.nombre_cliente,' - Entrega: ',pe.direccion_entrega) AS nombre_cliente,
                c.encargado,
                e.id_ejecutivo,
                e.nombre_vendedor,
                pe.id_proforma,
                pe.tipo_venta,
                pe.fecha,
                est.nombre_estado,
                pe.fecha_entrega,
                pe.id_repartidor,
                IFNULL(pe.nombre_cliente,'--') AS nota,
                pe.id_estado ,
                os.comentario,
                pe.comentarios AS comentario_vendedor,
                os.fecha AS fecha_seguimiento,
                c.id_cliente,
                tp.nombre_tipo_pago
                FROM orden pe
                INNER JOIN clientes c ON pe.id_cliente = c.id_cliente
                INNER JOIN ejecutivos e ON pe.id_ejecutivo = e.id_ejecutivo
                INNER JOIN tipo_pago tp ON pe.id_tipo_pago = tp.id_tipo_pago
                INNER JOIN orden_seguimiento os ON os.id_pedido = pe.id_pedido_ejecutivo
                INNER JOIN estados est ON pe.id_estado = est.id_estado
                LEFT JOIN documentos_salida ds ON ds.id_pedido = pe.id_pedido_ejecutivo AND ds.estado = 1
                LEFT JOIN comprobantes  comp ON ds.id_comprobante = comp.id_comprobante  WHERE  id_pedido_ejecutivo = :id GROUP BY pe.id_pedido_ejecutivo 
                    ORDER BY pe.fecha DESC LIMIT :offset, :porPagina
[29-May-2025 18:49:36 Europe/Berlin] 21092
[29-May-2025 18:49:36 Europe/Berlin] SELECT
                MAX(os.id) AS id,
                CONCAT(comp.serie,'-',comp.numero) AS factura,
                pe.id_pedido_ejecutivo,
                CONCAT(c.nombre_cliente,' - Entrega: ',pe.direccion_entrega) AS nombre_cliente,
                c.encargado,
                e.id_ejecutivo,
                e.nombre_vendedor,
                pe.id_proforma,
                pe.tipo_venta,
                pe.fecha,
                est.nombre_estado,
                pe.fecha_entrega,
                pe.id_repartidor,
                IFNULL(pe.nombre_cliente,'--') AS nota,
                pe.id_estado ,
                os.comentario,
                pe.comentarios AS comentario_vendedor,
                os.fecha AS fecha_seguimiento,
                c.id_cliente,
                tp.nombre_tipo_pago
                FROM orden pe
                INNER JOIN clientes c ON pe.id_cliente = c.id_cliente
                INNER JOIN ejecutivos e ON pe.id_ejecutivo = e.id_ejecutivo
                INNER JOIN tipo_pago tp ON pe.id_tipo_pago = tp.id_tipo_pago
                INNER JOIN orden_seguimiento os ON os.id_pedido = pe.id_pedido_ejecutivo
                INNER JOIN estados est ON pe.id_estado = est.id_estado
                LEFT JOIN documentos_salida ds ON ds.id_pedido = pe.id_pedido_ejecutivo AND ds.estado = 1
                LEFT JOIN comprobantes  comp ON ds.id_comprobante = comp.id_comprobante  WHERE  id_pedido_ejecutivo = :id GROUP BY pe.id_pedido_ejecutivo 
                    ORDER BY pe.fecha DESC LIMIT :offset, :porPagina
[29-May-2025 18:49:46 Europe/Berlin] 21092
[29-May-2025 18:49:46 Europe/Berlin] SELECT
                MAX(os.id) AS id,
                CONCAT(comp.serie,'-',comp.numero) AS factura,
                pe.id_pedido_ejecutivo,
                CONCAT(c.nombre_cliente,' - Entrega: ',pe.direccion_entrega) AS nombre_cliente,
                c.encargado,
                e.id_ejecutivo,
                e.nombre_vendedor,
                pe.id_proforma,
                pe.tipo_venta,
                pe.fecha,
                est.nombre_estado,
                pe.fecha_entrega,
                pe.id_repartidor,
                IFNULL(pe.nombre_cliente,'--') AS nota,
                pe.id_estado ,
                os.comentario,
                pe.comentarios AS comentario_vendedor,
                os.fecha AS fecha_seguimiento,
                c.id_cliente,
                tp.nombre_tipo_pago
                FROM orden pe
                INNER JOIN clientes c ON pe.id_cliente = c.id_cliente
                INNER JOIN ejecutivos e ON pe.id_ejecutivo = e.id_ejecutivo
                INNER JOIN tipo_pago tp ON pe.id_tipo_pago = tp.id_tipo_pago
                INNER JOIN orden_seguimiento os ON os.id_pedido = pe.id_pedido_ejecutivo
                INNER JOIN estados est ON pe.id_estado = est.id_estado
                LEFT JOIN documentos_salida ds ON ds.id_pedido = pe.id_pedido_ejecutivo AND ds.estado = 1
                LEFT JOIN comprobantes  comp ON ds.id_comprobante = comp.id_comprobante  WHERE  id_pedido_ejecutivo = :id GROUP BY pe.id_pedido_ejecutivo 
                    ORDER BY pe.fecha DESC LIMIT :offset, :porPagina
[29-May-2025 18:50:04 Europe/Berlin] 21092
[29-May-2025 18:50:04 Europe/Berlin] SELECT
                MAX(os.id) AS id,
                CONCAT(comp.serie,'-',comp.numero) AS factura,
                pe.id_pedido_ejecutivo,
                CONCAT(c.nombre_cliente,' - Entrega: ',pe.direccion_entrega) AS nombre_cliente,
                c.encargado,
                e.id_ejecutivo,
                e.nombre_vendedor,
                pe.id_proforma,
                pe.tipo_venta,
                pe.fecha,
                est.nombre_estado,
                pe.fecha_entrega,
                pe.id_repartidor,
                IFNULL(pe.nombre_cliente,'--') AS nota,
                pe.id_estado ,
                os.comentario,
                pe.comentarios AS comentario_vendedor,
                os.fecha AS fecha_seguimiento,
                c.id_cliente,
                tp.nombre_tipo_pago
                FROM orden pe
                INNER JOIN clientes c ON pe.id_cliente = c.id_cliente
                INNER JOIN ejecutivos e ON pe.id_ejecutivo = e.id_ejecutivo
                INNER JOIN tipo_pago tp ON pe.id_tipo_pago = tp.id_tipo_pago
                INNER JOIN orden_seguimiento os ON os.id_pedido = pe.id_pedido_ejecutivo
                INNER JOIN estados est ON pe.id_estado = est.id_estado
                LEFT JOIN documentos_salida ds ON ds.id_pedido = pe.id_pedido_ejecutivo AND ds.estado = 1
                LEFT JOIN comprobantes  comp ON ds.id_comprobante = comp.id_comprobante  WHERE  id_pedido_ejecutivo = :id GROUP BY pe.id_pedido_ejecutivo 
                    ORDER BY pe.fecha DESC LIMIT :offset, :porPagina
[29-May-2025 18:50:18 Europe/Berlin] 21092
[29-May-2025 18:50:18 Europe/Berlin] SELECT
                MAX(os.id) AS id,
                CONCAT(comp.serie,'-',comp.numero) AS factura,
                pe.id_pedido_ejecutivo,
                CONCAT(c.nombre_cliente,' - Entrega: ',pe.direccion_entrega) AS nombre_cliente,
                c.encargado,
                e.id_ejecutivo,
                e.nombre_vendedor,
                pe.id_proforma,
                pe.tipo_venta,
                pe.fecha,
                est.nombre_estado,
                pe.fecha_entrega,
                pe.id_repartidor,
                IFNULL(pe.nombre_cliente,'--') AS nota,
                pe.id_estado ,
                os.comentario,
                pe.comentarios AS comentario_vendedor,
                os.fecha AS fecha_seguimiento,
                c.id_cliente,
                tp.nombre_tipo_pago
                FROM orden pe
                INNER JOIN clientes c ON pe.id_cliente = c.id_cliente
                INNER JOIN ejecutivos e ON pe.id_ejecutivo = e.id_ejecutivo
                INNER JOIN tipo_pago tp ON pe.id_tipo_pago = tp.id_tipo_pago
                INNER JOIN orden_seguimiento os ON os.id_pedido = pe.id_pedido_ejecutivo
                INNER JOIN estados est ON pe.id_estado = est.id_estado
                LEFT JOIN documentos_salida ds ON ds.id_pedido = pe.id_pedido_ejecutivo AND ds.estado = 1
                LEFT JOIN comprobantes  comp ON ds.id_comprobante = comp.id_comprobante  WHERE  id_pedido_ejecutivo = :id GROUP BY pe.id_pedido_ejecutivo 
                    ORDER BY pe.fecha DESC LIMIT :offset, :porPagina
[29-May-2025 18:50:21 Europe/Berlin] PHP Warning:  Undefined variable $detalles in C:\xampp\htdocs\facturador\app\Views\ordenes\create.php on line 77
[29-May-2025 18:50:21 Europe/Berlin] PHP Warning:  foreach() argument must be of type array|object, null given in C:\xampp\htdocs\facturador\app\Views\ordenes\create.php on line 77
[29-May-2025 18:50:21 Europe/Berlin] PHP Warning:  Undefined array key "total" in C:\xampp\htdocs\facturador\app\Views\ordenes\create.php on line 107
[29-May-2025 18:50:21 Europe/Berlin] 
[29-May-2025 18:50:21 Europe/Berlin] SELECT
                MAX(os.id) AS id,
                CONCAT(comp.serie,'-',comp.numero) AS factura,
                pe.id_pedido_ejecutivo,
                CONCAT(c.nombre_cliente,' - Entrega: ',pe.direccion_entrega) AS nombre_cliente,
                c.encargado,
                e.id_ejecutivo,
                e.nombre_vendedor,
                pe.id_proforma,
                pe.tipo_venta,
                pe.fecha,
                est.nombre_estado,
                pe.fecha_entrega,
                pe.id_repartidor,
                IFNULL(pe.nombre_cliente,'--') AS nota,
                pe.id_estado ,
                os.comentario,
                pe.comentarios AS comentario_vendedor,
                os.fecha AS fecha_seguimiento,
                c.id_cliente,
                tp.nombre_tipo_pago
                FROM orden pe
                INNER JOIN clientes c ON pe.id_cliente = c.id_cliente
                INNER JOIN ejecutivos e ON pe.id_ejecutivo = e.id_ejecutivo
                INNER JOIN tipo_pago tp ON pe.id_tipo_pago = tp.id_tipo_pago
                INNER JOIN orden_seguimiento os ON os.id_pedido = pe.id_pedido_ejecutivo
                INNER JOIN estados est ON pe.id_estado = est.id_estado
                LEFT JOIN documentos_salida ds ON ds.id_pedido = pe.id_pedido_ejecutivo AND ds.estado = 1
                LEFT JOIN comprobantes  comp ON ds.id_comprobante = comp.id_comprobante  GROUP BY pe.id_pedido_ejecutivo 
                    ORDER BY pe.fecha DESC LIMIT :offset, :porPagina
[29-May-2025 18:55:34 Europe/Berlin] PHP Fatal error:  Uncaught PDOException: SQLSTATE[42000]: Syntax error or access violation: 1064 You have an error in your SQL syntax; check the manual that corresponds to your MySQL server version for the right syntax to use near '== 21092' at line 12 in C:\xampp\htdocs\facturador\app\Models\Orden.php:135
Stack trace:
#0 C:\xampp\htdocs\facturador\app\Models\Orden.php(135): PDOStatement->execute()
#1 C:\xampp\htdocs\facturador\app\Controllers\OrdenController.php(41): Models\Orden->getOrdenDetalleByID('21092')
#2 [internal function]: Controllers\OrdenController->create()
#3 C:\xampp\htdocs\facturador\app\Core\App.php(36): call_user_func_array(Array, Array)
#4 C:\xampp\htdocs\facturador\public\index.php(19): Core\App->__construct()
#5 {main}
  thrown in C:\xampp\htdocs\facturador\app\Models\Orden.php on line 135
[29-May-2025 18:55:55 Europe/Berlin] PHP Warning:  Undefined array key "subtotal" in C:\xampp\htdocs\facturador\app\Views\ordenes\create.php on line 91
[29-May-2025 18:55:55 Europe/Berlin] PHP Warning:  Undefined array key "subtotal" in C:\xampp\htdocs\facturador\app\Views\ordenes\create.php on line 91
[29-May-2025 18:55:55 Europe/Berlin] PHP Warning:  Undefined array key "subtotal" in C:\xampp\htdocs\facturador\app\Views\ordenes\create.php on line 91
[29-May-2025 18:55:55 Europe/Berlin] PHP Warning:  Undefined array key "total" in C:\xampp\htdocs\facturador\app\Views\ordenes\create.php on line 107
[29-May-2025 18:55:56 Europe/Berlin] 
[29-May-2025 18:55:56 Europe/Berlin] SELECT
                MAX(os.id) AS id,
                CONCAT(comp.serie,'-',comp.numero) AS factura,
                pe.id_pedido_ejecutivo,
                CONCAT(c.nombre_cliente,' - Entrega: ',pe.direccion_entrega) AS nombre_cliente,
                c.encargado,
                e.id_ejecutivo,
                e.nombre_vendedor,
                pe.id_proforma,
                pe.tipo_venta,
                pe.fecha,
                est.nombre_estado,
                pe.fecha_entrega,
                pe.id_repartidor,
                IFNULL(pe.nombre_cliente,'--') AS nota,
                pe.id_estado ,
                os.comentario,
                pe.comentarios AS comentario_vendedor,
                os.fecha AS fecha_seguimiento,
                c.id_cliente,
                tp.nombre_tipo_pago
                FROM orden pe
                INNER JOIN clientes c ON pe.id_cliente = c.id_cliente
                INNER JOIN ejecutivos e ON pe.id_ejecutivo = e.id_ejecutivo
                INNER JOIN tipo_pago tp ON pe.id_tipo_pago = tp.id_tipo_pago
                INNER JOIN orden_seguimiento os ON os.id_pedido = pe.id_pedido_ejecutivo
                INNER JOIN estados est ON pe.id_estado = est.id_estado
                LEFT JOIN documentos_salida ds ON ds.id_pedido = pe.id_pedido_ejecutivo AND ds.estado = 1
                LEFT JOIN comprobantes  comp ON ds.id_comprobante = comp.id_comprobante  GROUP BY pe.id_pedido_ejecutivo 
                    ORDER BY pe.fecha DESC LIMIT :offset, :porPagina
[29-May-2025 18:56:57 Europe/Berlin] PHP Warning:  Undefined array key "total" in C:\xampp\htdocs\facturador\app\Views\ordenes\create.php on line 99
[29-May-2025 18:56:58 Europe/Berlin] 
[29-May-2025 18:56:58 Europe/Berlin] SELECT
                MAX(os.id) AS id,
                CONCAT(comp.serie,'-',comp.numero) AS factura,
                pe.id_pedido_ejecutivo,
                CONCAT(c.nombre_cliente,' - Entrega: ',pe.direccion_entrega) AS nombre_cliente,
                c.encargado,
                e.id_ejecutivo,
                e.nombre_vendedor,
                pe.id_proforma,
                pe.tipo_venta,
                pe.fecha,
                est.nombre_estado,
                pe.fecha_entrega,
                pe.id_repartidor,
                IFNULL(pe.nombre_cliente,'--') AS nota,
                pe.id_estado ,
                os.comentario,
                pe.comentarios AS comentario_vendedor,
                os.fecha AS fecha_seguimiento,
                c.id_cliente,
                tp.nombre_tipo_pago
                FROM orden pe
                INNER JOIN clientes c ON pe.id_cliente = c.id_cliente
                INNER JOIN ejecutivos e ON pe.id_ejecutivo = e.id_ejecutivo
                INNER JOIN tipo_pago tp ON pe.id_tipo_pago = tp.id_tipo_pago
                INNER JOIN orden_seguimiento os ON os.id_pedido = pe.id_pedido_ejecutivo
                INNER JOIN estados est ON pe.id_estado = est.id_estado
                LEFT JOIN documentos_salida ds ON ds.id_pedido = pe.id_pedido_ejecutivo AND ds.estado = 1
                LEFT JOIN comprobantes  comp ON ds.id_comprobante = comp.id_comprobante  GROUP BY pe.id_pedido_ejecutivo 
                    ORDER BY pe.fecha DESC LIMIT :offset, :porPagina
[29-May-2025 18:59:41 Europe/Berlin] PHP Warning:  Undefined array key "total" in C:\xampp\htdocs\facturador\app\Views\ordenes\create.php on line 100
[29-May-2025 18:59:41 Europe/Berlin] 
[29-May-2025 18:59:41 Europe/Berlin] SELECT
                MAX(os.id) AS id,
                CONCAT(comp.serie,'-',comp.numero) AS factura,
                pe.id_pedido_ejecutivo,
                CONCAT(c.nombre_cliente,' - Entrega: ',pe.direccion_entrega) AS nombre_cliente,
                c.encargado,
                e.id_ejecutivo,
                e.nombre_vendedor,
                pe.id_proforma,
                pe.tipo_venta,
                pe.fecha,
                est.nombre_estado,
                pe.fecha_entrega,
                pe.id_repartidor,
                IFNULL(pe.nombre_cliente,'--') AS nota,
                pe.id_estado ,
                os.comentario,
                pe.comentarios AS comentario_vendedor,
                os.fecha AS fecha_seguimiento,
                c.id_cliente,
                tp.nombre_tipo_pago
                FROM orden pe
                INNER JOIN clientes c ON pe.id_cliente = c.id_cliente
                INNER JOIN ejecutivos e ON pe.id_ejecutivo = e.id_ejecutivo
                INNER JOIN tipo_pago tp ON pe.id_tipo_pago = tp.id_tipo_pago
                INNER JOIN orden_seguimiento os ON os.id_pedido = pe.id_pedido_ejecutivo
                INNER JOIN estados est ON pe.id_estado = est.id_estado
                LEFT JOIN documentos_salida ds ON ds.id_pedido = pe.id_pedido_ejecutivo AND ds.estado = 1
                LEFT JOIN comprobantes  comp ON ds.id_comprobante = comp.id_comprobante  GROUP BY pe.id_pedido_ejecutivo 
                    ORDER BY pe.fecha DESC LIMIT :offset, :porPagina
[29-May-2025 19:00:10 Europe/Berlin] PHP Warning:  Undefined array key "total" in C:\xampp\htdocs\facturador\app\Views\ordenes\create.php on line 100
[29-May-2025 19:00:10 Europe/Berlin] 
[29-May-2025 19:00:10 Europe/Berlin] SELECT
                MAX(os.id) AS id,
                CONCAT(comp.serie,'-',comp.numero) AS factura,
                pe.id_pedido_ejecutivo,
                CONCAT(c.nombre_cliente,' - Entrega: ',pe.direccion_entrega) AS nombre_cliente,
                c.encargado,
                e.id_ejecutivo,
                e.nombre_vendedor,
                pe.id_proforma,
                pe.tipo_venta,
                pe.fecha,
                est.nombre_estado,
                pe.fecha_entrega,
                pe.id_repartidor,
                IFNULL(pe.nombre_cliente,'--') AS nota,
                pe.id_estado ,
                os.comentario,
                pe.comentarios AS comentario_vendedor,
                os.fecha AS fecha_seguimiento,
                c.id_cliente,
                tp.nombre_tipo_pago
                FROM orden pe
                INNER JOIN clientes c ON pe.id_cliente = c.id_cliente
                INNER JOIN ejecutivos e ON pe.id_ejecutivo = e.id_ejecutivo
                INNER JOIN tipo_pago tp ON pe.id_tipo_pago = tp.id_tipo_pago
                INNER JOIN orden_seguimiento os ON os.id_pedido = pe.id_pedido_ejecutivo
                INNER JOIN estados est ON pe.id_estado = est.id_estado
                LEFT JOIN documentos_salida ds ON ds.id_pedido = pe.id_pedido_ejecutivo AND ds.estado = 1
                LEFT JOIN comprobantes  comp ON ds.id_comprobante = comp.id_comprobante  GROUP BY pe.id_pedido_ejecutivo 
                    ORDER BY pe.fecha DESC LIMIT :offset, :porPagina
[29-May-2025 19:00:31 Europe/Berlin] PHP Warning:  Undefined array key "total" in C:\xampp\htdocs\facturador\app\Views\ordenes\create.php on line 108
[29-May-2025 19:00:32 Europe/Berlin] 
[29-May-2025 19:00:32 Europe/Berlin] SELECT
                MAX(os.id) AS id,
                CONCAT(comp.serie,'-',comp.numero) AS factura,
                pe.id_pedido_ejecutivo,
                CONCAT(c.nombre_cliente,' - Entrega: ',pe.direccion_entrega) AS nombre_cliente,
                c.encargado,
                e.id_ejecutivo,
                e.nombre_vendedor,
                pe.id_proforma,
                pe.tipo_venta,
                pe.fecha,
                est.nombre_estado,
                pe.fecha_entrega,
                pe.id_repartidor,
                IFNULL(pe.nombre_cliente,'--') AS nota,
                pe.id_estado ,
                os.comentario,
                pe.comentarios AS comentario_vendedor,
                os.fecha AS fecha_seguimiento,
                c.id_cliente,
                tp.nombre_tipo_pago
                FROM orden pe
                INNER JOIN clientes c ON pe.id_cliente = c.id_cliente
                INNER JOIN ejecutivos e ON pe.id_ejecutivo = e.id_ejecutivo
                INNER JOIN tipo_pago tp ON pe.id_tipo_pago = tp.id_tipo_pago
                INNER JOIN orden_seguimiento os ON os.id_pedido = pe.id_pedido_ejecutivo
                INNER JOIN estados est ON pe.id_estado = est.id_estado
                LEFT JOIN documentos_salida ds ON ds.id_pedido = pe.id_pedido_ejecutivo AND ds.estado = 1
                LEFT JOIN comprobantes  comp ON ds.id_comprobante = comp.id_comprobante  GROUP BY pe.id_pedido_ejecutivo 
                    ORDER BY pe.fecha DESC LIMIT :offset, :porPagina
[29-May-2025 19:00:43 Europe/Berlin] PHP Warning:  Undefined array key "total" in C:\xampp\htdocs\facturador\app\Views\ordenes\create.php on line 106
[29-May-2025 19:00:44 Europe/Berlin] 
[29-May-2025 19:00:44 Europe/Berlin] SELECT
                MAX(os.id) AS id,
                CONCAT(comp.serie,'-',comp.numero) AS factura,
                pe.id_pedido_ejecutivo,
                CONCAT(c.nombre_cliente,' - Entrega: ',pe.direccion_entrega) AS nombre_cliente,
                c.encargado,
                e.id_ejecutivo,
                e.nombre_vendedor,
                pe.id_proforma,
                pe.tipo_venta,
                pe.fecha,
                est.nombre_estado,
                pe.fecha_entrega,
                pe.id_repartidor,
                IFNULL(pe.nombre_cliente,'--') AS nota,
                pe.id_estado ,
                os.comentario,
                pe.comentarios AS comentario_vendedor,
                os.fecha AS fecha_seguimiento,
                c.id_cliente,
                tp.nombre_tipo_pago
                FROM orden pe
                INNER JOIN clientes c ON pe.id_cliente = c.id_cliente
                INNER JOIN ejecutivos e ON pe.id_ejecutivo = e.id_ejecutivo
                INNER JOIN tipo_pago tp ON pe.id_tipo_pago = tp.id_tipo_pago
                INNER JOIN orden_seguimiento os ON os.id_pedido = pe.id_pedido_ejecutivo
                INNER JOIN estados est ON pe.id_estado = est.id_estado
                LEFT JOIN documentos_salida ds ON ds.id_pedido = pe.id_pedido_ejecutivo AND ds.estado = 1
                LEFT JOIN comprobantes  comp ON ds.id_comprobante = comp.id_comprobante  GROUP BY pe.id_pedido_ejecutivo 
                    ORDER BY pe.fecha DESC LIMIT :offset, :porPagina
[29-May-2025 19:00:55 Europe/Berlin] PHP Warning:  Undefined array key "total" in C:\xampp\htdocs\facturador\app\Views\ordenes\create.php on line 106
[29-May-2025 19:00:55 Europe/Berlin] 
[29-May-2025 19:00:55 Europe/Berlin] SELECT
                MAX(os.id) AS id,
                CONCAT(comp.serie,'-',comp.numero) AS factura,
                pe.id_pedido_ejecutivo,
                CONCAT(c.nombre_cliente,' - Entrega: ',pe.direccion_entrega) AS nombre_cliente,
                c.encargado,
                e.id_ejecutivo,
                e.nombre_vendedor,
                pe.id_proforma,
                pe.tipo_venta,
                pe.fecha,
                est.nombre_estado,
                pe.fecha_entrega,
                pe.id_repartidor,
                IFNULL(pe.nombre_cliente,'--') AS nota,
                pe.id_estado ,
                os.comentario,
                pe.comentarios AS comentario_vendedor,
                os.fecha AS fecha_seguimiento,
                c.id_cliente,
                tp.nombre_tipo_pago
                FROM orden pe
                INNER JOIN clientes c ON pe.id_cliente = c.id_cliente
                INNER JOIN ejecutivos e ON pe.id_ejecutivo = e.id_ejecutivo
                INNER JOIN tipo_pago tp ON pe.id_tipo_pago = tp.id_tipo_pago
                INNER JOIN orden_seguimiento os ON os.id_pedido = pe.id_pedido_ejecutivo
                INNER JOIN estados est ON pe.id_estado = est.id_estado
                LEFT JOIN documentos_salida ds ON ds.id_pedido = pe.id_pedido_ejecutivo AND ds.estado = 1
                LEFT JOIN comprobantes  comp ON ds.id_comprobante = comp.id_comprobante  GROUP BY pe.id_pedido_ejecutivo 
                    ORDER BY pe.fecha DESC LIMIT :offset, :porPagina
[29-May-2025 19:01:08 Europe/Berlin] PHP Warning:  Undefined array key "total" in C:\xampp\htdocs\facturador\app\Views\ordenes\create.php on line 106
[29-May-2025 19:01:09 Europe/Berlin] 
[29-May-2025 19:01:09 Europe/Berlin] SELECT
                MAX(os.id) AS id,
                CONCAT(comp.serie,'-',comp.numero) AS factura,
                pe.id_pedido_ejecutivo,
                CONCAT(c.nombre_cliente,' - Entrega: ',pe.direccion_entrega) AS nombre_cliente,
                c.encargado,
                e.id_ejecutivo,
                e.nombre_vendedor,
                pe.id_proforma,
                pe.tipo_venta,
                pe.fecha,
                est.nombre_estado,
                pe.fecha_entrega,
                pe.id_repartidor,
                IFNULL(pe.nombre_cliente,'--') AS nota,
                pe.id_estado ,
                os.comentario,
                pe.comentarios AS comentario_vendedor,
                os.fecha AS fecha_seguimiento,
                c.id_cliente,
                tp.nombre_tipo_pago
                FROM orden pe
                INNER JOIN clientes c ON pe.id_cliente = c.id_cliente
                INNER JOIN ejecutivos e ON pe.id_ejecutivo = e.id_ejecutivo
                INNER JOIN tipo_pago tp ON pe.id_tipo_pago = tp.id_tipo_pago
                INNER JOIN orden_seguimiento os ON os.id_pedido = pe.id_pedido_ejecutivo
                INNER JOIN estados est ON pe.id_estado = est.id_estado
                LEFT JOIN documentos_salida ds ON ds.id_pedido = pe.id_pedido_ejecutivo AND ds.estado = 1
                LEFT JOIN comprobantes  comp ON ds.id_comprobante = comp.id_comprobante  GROUP BY pe.id_pedido_ejecutivo 
                    ORDER BY pe.fecha DESC LIMIT :offset, :porPagina
